<?xml version="1.0" encoding="UTF-8"?>
<!-- Generated by org.testng.reporters.JUnitXMLReporter -->
<testsuite hostname="DESKTOP-3F9S790" name="Free CRM App Test Cases" tests="6" failures="2" timestamp="5 Jan 2018 22:26:41 GMT" time="144.323" errors="0">
  <testcase name="loginPageTitleTest" time="0.021" classname="com.crm.qa.testscripts.LoginPageTest"/>
  <testcase name="crmLogoImageTest" time="0.101" classname="com.crm.qa.testscripts.LoginPageTest"/>
  <testcase name="loginTest" time="10.68" classname="com.crm.qa.testscripts.LoginPageTest"/>
  <testcase name="verifyHomePageTitleTest" time="0.02" classname="com.crm.qa.testscripts.HomePageTest"/>
  <testcase name="verifyUserNameTest" time="0.004" classname="com.crm.qa.testscripts.HomePageTest">
    <failure type="java.lang.NullPointerException">
      <![CDATA[java.lang.NullPointerException
	at com.crm.qa.testscripts.HomePageTest.verifyUserNameTest(HomePageTest.java:40)
... Removed 24 stack frames]]>
    </failure>
  </testcase> <!-- verifyUserNameTest -->
  <testcase name="verifyContactsLinkTest" time="0.002" classname="com.crm.qa.testscripts.HomePageTest">
    <failure type="java.lang.NullPointerException">
      <![CDATA[java.lang.NullPointerException
	at com.crm.qa.testscripts.HomePageTest.verifyContactsLinkTest(HomePageTest.java:46)
... Removed 24 stack frames]]>
    </failure>
  </testcase> <!-- verifyContactsLinkTest -->
</testsuite> <!-- Free CRM App Test Cases -->
