<?xml version="1.0" encoding="UTF-8"?>
<!-- Generated by org.testng.reporters.JUnitXMLReporter -->
<testsuite hostname="DESKTOP-3F9S790" name="Default test" tests="3" failures="0" timestamp="5 Jan 2018 22:20:17 GMT" time="57.682" errors="0">
  <testcase name="loginPageTitleTest" time="0.029" classname="com.crm.qa.testscripts.LoginPageTest"/>
  <testcase name="crmLogoImageTest" time="0.092" classname="com.crm.qa.testscripts.LoginPageTest"/>
  <testcase name="loginTest" time="12.685" classname="com.crm.qa.testscripts.LoginPageTest"/>
</testsuite> <!-- Default test -->
