<?xml version="1.0" encoding="UTF-8"?>
<testng-results skipped="0" failed="2" total="6" passed="4">
  <reporter-output>
  </reporter-output>
  <suite name="FREE CRM Application Test Automation Test Suite" duration-ms="144323" started-at="2018-01-05T22:24:17Z" finished-at="2018-01-05T22:26:41Z">
    <groups>
    </groups>
    <test name="Free CRM App Test Cases" duration-ms="144323" started-at="2018-01-05T22:24:17Z" finished-at="2018-01-05T22:26:41Z">
      <class name="com.crm.qa.testscripts.LoginPageTest">
        <test-method status="PASS" signature="setUp()[pri:0, instance:com.crm.qa.testscripts.LoginPageTest@66a3ffec]" name="setUp" is-config="true" duration-ms="17744" started-at="2018-01-06T03:54:17Z" finished-at="2018-01-06T03:54:35Z">
          <reporter-output>
          </reporter-output>
        </test-method> <!-- setUp -->
        <test-method status="PASS" signature="loginPageTitleTest()[pri:0, instance:com.crm.qa.testscripts.LoginPageTest@66a3ffec]" name="loginPageTitleTest" duration-ms="21" started-at="2018-01-06T03:54:35Z" finished-at="2018-01-06T03:54:35Z">
          <reporter-output>
          </reporter-output>
        </test-method> <!-- loginPageTitleTest -->
        <test-method status="PASS" signature="tearDown()[pri:0, instance:com.crm.qa.testscripts.LoginPageTest@66a3ffec]" name="tearDown" is-config="true" duration-ms="1023" started-at="2018-01-06T03:54:35Z" finished-at="2018-01-06T03:54:36Z">
          <reporter-output>
          </reporter-output>
        </test-method> <!-- tearDown -->
        <test-method status="PASS" signature="setUp()[pri:0, instance:com.crm.qa.testscripts.LoginPageTest@66a3ffec]" name="setUp" is-config="true" duration-ms="12794" started-at="2018-01-06T03:54:36Z" finished-at="2018-01-06T03:54:49Z">
          <reporter-output>
          </reporter-output>
        </test-method> <!-- setUp -->
        <test-method status="PASS" signature="crmLogoImageTest()[pri:0, instance:com.crm.qa.testscripts.LoginPageTest@66a3ffec]" name="crmLogoImageTest" duration-ms="101" started-at="2018-01-06T03:54:49Z" finished-at="2018-01-06T03:54:49Z">
          <reporter-output>
          </reporter-output>
        </test-method> <!-- crmLogoImageTest -->
        <test-method status="PASS" signature="tearDown()[pri:0, instance:com.crm.qa.testscripts.LoginPageTest@66a3ffec]" name="tearDown" is-config="true" duration-ms="796" started-at="2018-01-06T03:54:49Z" finished-at="2018-01-06T03:54:49Z">
          <reporter-output>
          </reporter-output>
        </test-method> <!-- tearDown -->
        <test-method status="PASS" signature="setUp()[pri:0, instance:com.crm.qa.testscripts.LoginPageTest@66a3ffec]" name="setUp" is-config="true" duration-ms="12488" started-at="2018-01-06T03:54:49Z" finished-at="2018-01-06T03:55:02Z">
          <reporter-output>
          </reporter-output>
        </test-method> <!-- setUp -->
        <test-method status="PASS" signature="loginTest()[pri:0, instance:com.crm.qa.testscripts.LoginPageTest@66a3ffec]" name="loginTest" duration-ms="10680" started-at="2018-01-06T03:55:02Z" finished-at="2018-01-06T03:55:13Z">
          <reporter-output>
          </reporter-output>
        </test-method> <!-- loginTest -->
        <test-method status="PASS" signature="tearDown()[pri:0, instance:com.crm.qa.testscripts.LoginPageTest@66a3ffec]" name="tearDown" is-config="true" duration-ms="970" started-at="2018-01-06T03:55:13Z" finished-at="2018-01-06T03:55:14Z">
          <reporter-output>
          </reporter-output>
        </test-method> <!-- tearDown -->
      </class> <!-- com.crm.qa.testscripts.LoginPageTest -->
      <class name="com.crm.qa.testscripts.HomePageTest">
        <test-method status="PASS" signature="setUp()[pri:0, instance:com.crm.qa.testscripts.HomePageTest@523884b2]" name="setUp" is-config="true" duration-ms="23787" started-at="2018-01-06T03:55:14Z" finished-at="2018-01-06T03:55:37Z">
          <reporter-output>
          </reporter-output>
        </test-method> <!-- setUp -->
        <test-method status="PASS" signature="verifyHomePageTitleTest()[pri:0, instance:com.crm.qa.testscripts.HomePageTest@523884b2]" name="verifyHomePageTitleTest" duration-ms="20" started-at="2018-01-06T03:55:37Z" finished-at="2018-01-06T03:55:37Z">
          <reporter-output>
          </reporter-output>
        </test-method> <!-- verifyHomePageTitleTest -->
        <test-method status="PASS" signature="tearDown()[pri:0, instance:com.crm.qa.testscripts.HomePageTest@523884b2]" name="tearDown" is-config="true" duration-ms="1585" started-at="2018-01-06T03:55:37Z" finished-at="2018-01-06T03:55:39Z">
          <reporter-output>
          </reporter-output>
        </test-method> <!-- tearDown -->
        <test-method status="PASS" signature="setUp()[pri:0, instance:com.crm.qa.testscripts.HomePageTest@523884b2]" name="setUp" is-config="true" duration-ms="27522" started-at="2018-01-06T03:55:39Z" finished-at="2018-01-06T03:56:07Z">
          <reporter-output>
          </reporter-output>
        </test-method> <!-- setUp -->
        <test-method status="FAIL" signature="verifyUserNameTest()[pri:0, instance:com.crm.qa.testscripts.HomePageTest@523884b2]" name="verifyUserNameTest" duration-ms="4" started-at="2018-01-06T03:56:07Z" finished-at="2018-01-06T03:56:07Z">
          <exception class="java.lang.NullPointerException">
            <full-stacktrace>
              <![CDATA[java.lang.NullPointerException
	at com.crm.qa.testscripts.HomePageTest.verifyUserNameTest(HomePageTest.java:40)
	at sun.reflect.NativeMethodAccessorImpl.invoke0(Native Method)
	at sun.reflect.NativeMethodAccessorImpl.invoke(Unknown Source)
	at sun.reflect.DelegatingMethodAccessorImpl.invoke(Unknown Source)
	at java.lang.reflect.Method.invoke(Unknown Source)
	at org.testng.internal.MethodInvocationHelper.invokeMethod(MethodInvocationHelper.java:80)
	at org.testng.internal.Invoker.invokeMethod(Invoker.java:714)
	at org.testng.internal.Invoker.invokeTestMethod(Invoker.java:901)
	at org.testng.internal.Invoker.invokeTestMethods(Invoker.java:1231)
	at org.testng.internal.TestMethodWorker.invokeTestMethods(TestMethodWorker.java:127)
	at org.testng.internal.TestMethodWorker.run(TestMethodWorker.java:111)
	at org.testng.TestRunner.privateRun(TestRunner.java:767)
	at org.testng.TestRunner.run(TestRunner.java:617)
	at org.testng.SuiteRunner.runTest(SuiteRunner.java:334)
	at org.testng.SuiteRunner.runSequentially(SuiteRunner.java:329)
	at org.testng.SuiteRunner.privateRun(SuiteRunner.java:291)
	at org.testng.SuiteRunner.run(SuiteRunner.java:240)
	at org.testng.SuiteRunnerWorker.runSuite(SuiteRunnerWorker.java:52)
	at org.testng.SuiteRunnerWorker.run(SuiteRunnerWorker.java:86)
	at org.testng.TestNG.runSuitesSequentially(TestNG.java:1198)
	at org.testng.TestNG.runSuitesLocally(TestNG.java:1123)
	at org.testng.TestNG.run(TestNG.java:1031)
	at org.testng.remote.AbstractRemoteTestNG.run(AbstractRemoteTestNG.java:114)
	at org.testng.remote.RemoteTestNG.initAndRun(RemoteTestNG.java:251)
	at org.testng.remote.RemoteTestNG.main(RemoteTestNG.java:77)
]]>
            </full-stacktrace>
          </exception> <!-- java.lang.NullPointerException -->
          <reporter-output>
          </reporter-output>
        </test-method> <!-- verifyUserNameTest -->
        <test-method status="PASS" signature="tearDown()[pri:0, instance:com.crm.qa.testscripts.HomePageTest@523884b2]" name="tearDown" is-config="true" duration-ms="4997" started-at="2018-01-06T03:56:07Z" finished-at="2018-01-06T03:56:12Z">
          <reporter-output>
          </reporter-output>
        </test-method> <!-- tearDown -->
        <test-method status="PASS" signature="setUp()[pri:0, instance:com.crm.qa.testscripts.HomePageTest@523884b2]" name="setUp" is-config="true" duration-ms="29085" started-at="2018-01-06T03:56:12Z" finished-at="2018-01-06T03:56:41Z">
          <reporter-output>
          </reporter-output>
        </test-method> <!-- setUp -->
        <test-method status="FAIL" signature="verifyContactsLinkTest()[pri:0, instance:com.crm.qa.testscripts.HomePageTest@523884b2]" name="verifyContactsLinkTest" duration-ms="2" started-at="2018-01-06T03:56:41Z" finished-at="2018-01-06T03:56:41Z">
          <exception class="java.lang.NullPointerException">
            <full-stacktrace>
              <![CDATA[java.lang.NullPointerException
	at com.crm.qa.testscripts.HomePageTest.verifyContactsLinkTest(HomePageTest.java:46)
	at sun.reflect.NativeMethodAccessorImpl.invoke0(Native Method)
	at sun.reflect.NativeMethodAccessorImpl.invoke(Unknown Source)
	at sun.reflect.DelegatingMethodAccessorImpl.invoke(Unknown Source)
	at java.lang.reflect.Method.invoke(Unknown Source)
	at org.testng.internal.MethodInvocationHelper.invokeMethod(MethodInvocationHelper.java:80)
	at org.testng.internal.Invoker.invokeMethod(Invoker.java:714)
	at org.testng.internal.Invoker.invokeTestMethod(Invoker.java:901)
	at org.testng.internal.Invoker.invokeTestMethods(Invoker.java:1231)
	at org.testng.internal.TestMethodWorker.invokeTestMethods(TestMethodWorker.java:127)
	at org.testng.internal.TestMethodWorker.run(TestMethodWorker.java:111)
	at org.testng.TestRunner.privateRun(TestRunner.java:767)
	at org.testng.TestRunner.run(TestRunner.java:617)
	at org.testng.SuiteRunner.runTest(SuiteRunner.java:334)
	at org.testng.SuiteRunner.runSequentially(SuiteRunner.java:329)
	at org.testng.SuiteRunner.privateRun(SuiteRunner.java:291)
	at org.testng.SuiteRunner.run(SuiteRunner.java:240)
	at org.testng.SuiteRunnerWorker.runSuite(SuiteRunnerWorker.java:52)
	at org.testng.SuiteRunnerWorker.run(SuiteRunnerWorker.java:86)
	at org.testng.TestNG.runSuitesSequentially(TestNG.java:1198)
	at org.testng.TestNG.runSuitesLocally(TestNG.java:1123)
	at org.testng.TestNG.run(TestNG.java:1031)
	at org.testng.remote.AbstractRemoteTestNG.run(AbstractRemoteTestNG.java:114)
	at org.testng.remote.RemoteTestNG.initAndRun(RemoteTestNG.java:251)
	at org.testng.remote.RemoteTestNG.main(RemoteTestNG.java:77)
]]>
            </full-stacktrace>
          </exception> <!-- java.lang.NullPointerException -->
          <reporter-output>
          </reporter-output>
        </test-method> <!-- verifyContactsLinkTest -->
        <test-method status="PASS" signature="tearDown()[pri:0, instance:com.crm.qa.testscripts.HomePageTest@523884b2]" name="tearDown" is-config="true" duration-ms="641" started-at="2018-01-06T03:56:41Z" finished-at="2018-01-06T03:56:41Z">
          <reporter-output>
          </reporter-output>
        </test-method> <!-- tearDown -->
      </class> <!-- com.crm.qa.testscripts.HomePageTest -->
    </test> <!-- Free CRM App Test Cases -->
  </suite> <!-- FREE CRM Application Test Automation Test Suite -->
</testng-results>
